# JRE version: Java(TM) SE Runtime Environment (7.0_45-b18) (build 1.7.0_45-b18)
# Java VM: Java HotSpot(TM) 64-Bit Server VM (24.45-b08 mixed mode windows-amd64 compressed oops)
Heap
 PSYoungGen      total 678912K, used 554720K [0x00000007d5e80000, 0x0000000800000000, 0x0000000800000000)
  eden space 668160K, 82% used [0x00000007d5e80000,0x00000007f7a78290,0x00000007feb00000)
  from space 10752K, 16% used [0x00000007ff580000,0x00000007ff740030,0x0000000800000000)
  to   space 10752K, 0% used [0x00000007feb00000,0x00000007feb00000,0x00000007ff580000)
 ParOldGen       total 86016K, used 20853K [0x0000000781c00000, 0x0000000787000000, 0x00000007d5e80000)
  object space 86016K, 24% used [0x0000000781c00000,0x000000078305d430,0x0000000787000000)
 PSPermGen       total 43008K, used 42846K [0x000000077ca00000, 0x000000077f400000, 0x0000000781c00000)
  object space 43008K, 99% used [0x000000077ca00000,0x000000077f3d7b70,0x000000077f400000)
GC Heap History (10 events):
Event: 3.806 GC heap before
{Heap before GC invocations=8 (full 0):
 PSYoungGen      total 139776K, used 137377K [0x00000007d5e80000, 0x00000007e6e80000, 0x0000000800000000)
  eden space 132608K, 100% used [0x00000007d5e80000,0x00000007de000000,0x00000007de000000)
  from space 7168K, 66% used [0x00000007de000000,0x00000007de4a87e8,0x00000007de700000)
  to   space 6656K, 0% used [0x00000007e6800000,0x00000007e6800000,0x00000007e6e80000)
 ParOldGen       total 86016K, used 3998K [0x0000000781c00000, 0x0000000787000000, 0x00000007d5e80000)
  object space 86016K, 4% used [0x0000000781c00000,0x0000000781fe7990,0x0000000787000000)
 PSPermGen       total 21504K, used 20672K [0x000000077ca00000, 0x000000077df00000, 0x0000000781c00000)
  object space 21504K, 96% used [0x000000077ca00000,0x000000077de30050,0x000000077df00000)
Event: 3.811 GC heap after
Heap after GC invocations=8 (full 0):
 PSYoungGen      total 271872K, used 5492K [0x00000007d5e80000, 0x00000007e6e80000, 0x0000000800000000)
  eden space 265216K, 0% used [0x00000007d5e80000,0x00000007d5e80000,0x00000007e6180000)
  from space 6656K, 82% used [0x00000007e6800000,0x00000007e6d5d2e8,0x00000007e6e80000)
  to   space 6656K, 0% used [0x00000007e6180000,0x00000007e6180000,0x00000007e6800000)
 ParOldGen       total 86016K, used 4941K [0x0000000781c00000, 0x0000000787000000, 0x00000007d5e80000)
  object space 86016K, 5% used [0x0000000781c00000,0x00000007820d3438,0x0000000787000000)
 PSPermGen       total 21504K, used 20672K [0x000000077ca00000, 0x000000077df00000, 0x0000000781c00000)
  object space 21504K, 96% used [0x000000077ca00000,0x000000077de30050,0x000000077df00000)
}
Event: 6.065 GC heap before
{Heap before GC invocations=9 (full 0):
 PSYoungGen      total 271872K, used 270708K [0x00000007d5e80000, 0x00000007e6e80000, 0x0000000800000000)
  eden space 265216K, 100% used [0x00000007d5e80000,0x00000007e6180000,0x00000007e6180000)
  from space 6656K, 82% used [0x00000007e6800000,0x00000007e6d5d2e8,0x00000007e6e80000)
  to   space 6656K, 0% used [0x00000007e6180000,0x00000007e6180000,0x00000007e6800000)
 ParOldGen       total 86016K, used 4941K [0x0000000781c00000, 0x0000000787000000, 0x00000007d5e80000)
  object space 86016K, 5% used [0x0000000781c00000,0x00000007820d3438,0x0000000787000000)
 PSPermGen       total 30720K, used 30665K [0x000000077ca00000, 0x000000077e800000, 0x0000000781c00000)
  object space 30720K, 99% used [0x000000077ca00000,0x000000077e7f2470,0x000000077e800000)
Event: 6.079 GC heap after
Heap after GC invocations=9 (full 0):
 PSYoungGen      total 271872K, used 6638K [0x00000007d5e80000, 0x00000007f1200000, 0x0000000800000000)
  eden space 265216K, 0% used [0x00000007d5e80000,0x00000007d5e80000,0x00000007e6180000)
  from space 6656K, 99% used [0x00000007e6180000,0x00000007e67fb9d8,0x00000007e6800000)
  to   space 10752K, 0% used [0x00000007f0780000,0x00000007f0780000,0x00000007f1200000)
 ParOldGen       total 86016K, used 13244K [0x0000000781c00000, 0x0000000787000000, 0x00000007d5e80000)
  object space 86016K, 15% used [0x0000000781c00000,0x00000007828ef360,0x0000000787000000)
 PSPermGen       total 30720K, used 30665K [0x000000077ca00000, 0x000000077e800000, 0x0000000781c00000)
  object space 30720K, 99% used [0x000000077ca00000,0x000000077e7f2470,0x000000077e800000)
}
Event: 6.468 GC heap before
{Heap before GC invocations=10 (full 0):
 PSYoungGen      total 271872K, used 271854K [0x00000007d5e80000, 0x00000007f1200000, 0x0000000800000000)
  eden space 265216K, 100% used [0x00000007d5e80000,0x00000007e6180000,0x00000007e6180000)
  from space 6656K, 99% used [0x00000007e6180000,0x00000007e67fb9d8,0x00000007e6800000)
  to   space 10752K, 0% used [0x00000007f0780000,0x00000007f0780000,0x00000007f1200000)
 ParOldGen       total 86016K, used 13244K [0x0000000781c00000, 0x0000000787000000, 0x00000007d5e80000)
  object space 86016K, 15% used [0x0000000781c00000,0x00000007828ef360,0x0000000787000000)
 PSPermGen       total 31232K, used 30773K [0x000000077ca00000, 0x000000077e880000, 0x0000000781c00000)
  object space 31232K, 98% used [0x000000077ca00000,0x000000077e80d5f8,0x000000077e880000)
Event: 6.486 GC heap after
Heap after GC invocations=10 (full 0):
 PSYoungGen      total 434176K, used 5099K [0x00000007d5e80000, 0x00000007f1100000, 0x0000000800000000)
  eden space 424448K, 0% used [0x00000007d5e80000,0x00000007d5e80000,0x00000007efd00000)
  from space 9728K, 52% used [0x00000007f0780000,0x00000007f0c7ada0,0x00000007f1100000)
  to   space 10240K, 0% used [0x00000007efd00000,0x00000007efd00000,0x00000007f0700000)
 ParOldGen       total 86016K, used 14918K [0x0000000781c00000, 0x0000000787000000, 0x00000007d5e80000)
  object space 86016K, 17% used [0x0000000781c00000,0x0000000782a91b98,0x0000000787000000)
 PSPermGen       total 31232K, used 30773K [0x000000077ca00000, 0x000000077e880000, 0x0000000781c00000)
  object space 31232K, 98% used [0x000000077ca00000,0x000000077e80d5f8,0x000000077e880000)
}
Event: 7.391 GC heap before
{Heap before GC invocations=11 (full 0):
 PSYoungGen      total 434176K, used 429547K [0x00000007d5e80000, 0x00000007f1100000, 0x0000000800000000)
  eden space 424448K, 100% used [0x00000007d5e80000,0x00000007efd00000,0x00000007efd00000)
  from space 9728K, 52% used [0x00000007f0780000,0x00000007f0c7ada0,0x00000007f1100000)
  to   space 10240K, 0% used [0x00000007efd00000,0x00000007efd00000,0x00000007f0700000)
 ParOldGen       total 86016K, used 14918K [0x0000000781c00000, 0x0000000787000000, 0x00000007d5e80000)
  object space 86016K, 17% used [0x0000000781c00000,0x0000000782a91b98,0x0000000787000000)
 PSPermGen       total 34304K, used 33820K [0x000000077ca00000, 0x000000077eb80000, 0x0000000781c00000)
  object space 34304K, 98% used [0x000000077ca00000,0x000000077eb07090,0x000000077eb80000)
Event: 7.397 GC heap after
Heap after GC invocations=11 (full 0):
 PSYoungGen      total 434688K, used 2482K [0x00000007d5e80000, 0x0000000800000000, 0x0000000800000000)
  eden space 424448K, 0% used [0x00000007d5e80000,0x00000007d5e80000,0x00000007efd00000)
  from space 10240K, 24% used [0x00000007efd00000,0x00000007eff6cbf0,0x00000007f0700000)
  to   space 10752K, 0% used [0x00000007ff580000,0x00000007ff580000,0x0000000800000000)
 ParOldGen       total 86016K, used 19756K [0x0000000781c00000, 0x0000000787000000, 0x00000007d5e80000)
  object space 86016K, 22% used [0x0000000781c00000,0x0000000782f4b070,0x0000000787000000)
 PSPermGen       total 34304K, used 33820K [0x000000077ca00000, 0x000000077eb80000, 0x0000000781c00000)
  object space 34304K, 98% used [0x000000077ca00000,0x000000077eb07090,0x000000077eb80000)
}
Event: 8.257 GC heap before
{Heap before GC invocations=12 (full 0):
 PSYoungGen      total 434688K, used 426930K [0x00000007d5e80000, 0x0000000800000000, 0x0000000800000000)
  eden space 424448K, 100% used [0x00000007d5e80000,0x00000007efd00000,0x00000007efd00000)
  from space 10240K, 24% used [0x00000007efd00000,0x00000007eff6cbf0,0x00000007f0700000)
  to   space 10752K, 0% used [0x00000007ff580000,0x00000007ff580000,0x0000000800000000)
 ParOldGen       total 86016K, used 19756K [0x0000000781c00000, 0x0000000787000000, 0x00000007d5e80000)
  object space 86016K, 22% used [0x0000000781c00000,0x0000000782f4b070,0x0000000787000000)
 PSPermGen       total 34304K, used 33931K [0x000000077ca00000, 0x000000077eb80000, 0x0000000781c00000)
  object space 34304K, 98% used [0x000000077ca00000,0x000000077eb22f78,0x000000077eb80000)
Event: 8.260 GC heap after
Heap after GC invocations=12 (full 0):
 PSYoungGen      total 678912K, used 1792K [0x00000007d5e80000, 0x0000000800000000, 0x0000000800000000)
  eden space 668160K, 0% used [0x00000007d5e80000,0x00000007d5e80000,0x00000007feb00000)
  from space 10752K, 16% used [0x00000007ff580000,0x00000007ff740030,0x0000000800000000)
  to   space 10752K, 0% used [0x00000007feb00000,0x00000007feb00000,0x00000007ff580000)
 ParOldGen       total 86016K, used 20853K [0x0000000781c00000, 0x0000000787000000, 0x00000007d5e80000)
  object space 86016K, 24% used [0x0000000781c00000,0x000000078305d430,0x0000000787000000)
 PSPermGen       total 34304K, used 33931K [0x000000077ca00000, 0x000000077eb80000, 0x0000000781c00000)
  object space 34304K, 98% used [0x000000077ca00000,0x000000077eb22f78,0x000000077eb80000)
}

