# JRE version: Java(TM) SE Runtime Environment (7.0_45-b18) (build 1.7.0_45-b18)
# Java VM: Java HotSpot(TM) 64-Bit Server VM (24.45-b08 mixed mode windows-amd64 compressed oops)
Heap
 PSYoungGen      total 676352K, used 448289K [0x00000007d5e80000, 0x0000000800000000, 0x0000000800000000)
  eden space 663040K, 67% used [0x00000007d5e80000,0x00000007f10d5380,0x00000007fe600000)
  from space 13312K, 26% used [0x00000007ff300000,0x00000007ff673168,0x0000000800000000)
  to   space 13312K, 0% used [0x00000007fe600000,0x00000007fe600000,0x00000007ff300000)
 ParOldGen       total 86016K, used 19446K [0x0000000781c00000, 0x0000000787000000, 0x00000007d5e80000)
  object space 86016K, 22% used [0x0000000781c00000,0x0000000782efd910,0x0000000787000000)
 PSPermGen       total 43008K, used 42881K [0x000000077ca00000, 0x000000077f400000, 0x0000000781c00000)
  object space 43008K, 99% used [0x000000077ca00000,0x000000077f3e07a8,0x000000077f400000)
GC Heap History (10 events):
Event: 3.209 GC heap before
{Heap before GC invocations=6 (full 0):
 PSYoungGen      total 138240K, used 138211K [0x00000007d5e80000, 0x00000007e7280000, 0x0000000800000000)
  eden space 133120K, 100% used [0x00000007d5e80000,0x00000007de080000,0x00000007de080000)
  from space 5120K, 99% used [0x00000007de080000,0x00000007de578db0,0x00000007de580000)
  to   space 8192K, 0% used [0x00000007e6a80000,0x00000007e6a80000,0x00000007e7280000)
 ParOldGen       total 86016K, used 4602K [0x0000000781c00000, 0x0000000787000000, 0x00000007d5e80000)
  object space 86016K, 5% used [0x0000000781c00000,0x000000078207e840,0x0000000787000000)
 PSPermGen       total 21504K, used 19202K [0x000000077ca00000, 0x000000077df00000, 0x0000000781c00000)
  object space 21504K, 89% used [0x000000077ca00000,0x000000077dcc08e8,0x000000077df00000)
Event: 3.223 GC heap after
Heap after GC invocations=6 (full 0):
 PSYoungGen      total 273920K, used 6598K [0x00000007d5e80000, 0x00000007e7380000, 0x0000000800000000)
  eden space 265728K, 0% used [0x00000007d5e80000,0x00000007d5e80000,0x00000007e6200000)
  from space 8192K, 80% used [0x00000007e6a80000,0x00000007e70f1bb0,0x00000007e7280000)
  to   space 8704K, 0% used [0x00000007e6200000,0x00000007e6200000,0x00000007e6a80000)
 ParOldGen       total 86016K, used 4602K [0x0000000781c00000, 0x0000000787000000, 0x00000007d5e80000)
  object space 86016K, 5% used [0x0000000781c00000,0x000000078207e840,0x0000000787000000)
 PSPermGen       total 21504K, used 19202K [0x000000077ca00000, 0x000000077df00000, 0x0000000781c00000)
  object space 21504K, 89% used [0x000000077ca00000,0x000000077dcc08e8,0x000000077df00000)
}
Event: 4.458 GC heap before
{Heap before GC invocations=7 (full 0):
 PSYoungGen      total 273920K, used 272326K [0x00000007d5e80000, 0x00000007e7380000, 0x0000000800000000)
  eden space 265728K, 100% used [0x00000007d5e80000,0x00000007e6200000,0x00000007e6200000)
  from space 8192K, 80% used [0x00000007e6a80000,0x00000007e70f1bb0,0x00000007e7280000)
  to   space 8704K, 0% used [0x00000007e6200000,0x00000007e6200000,0x00000007e6a80000)
 ParOldGen       total 86016K, used 4602K [0x0000000781c00000, 0x0000000787000000, 0x00000007d5e80000)
  object space 86016K, 5% used [0x0000000781c00000,0x000000078207e840,0x0000000787000000)
 PSPermGen       total 26112K, used 25839K [0x000000077ca00000, 0x000000077e380000, 0x0000000781c00000)
  object space 26112K, 98% used [0x000000077ca00000,0x000000077e33bdc0,0x000000077e380000)
Event: 4.468 GC heap after
Heap after GC invocations=7 (full 0):
 PSYoungGen      total 274432K, used 8701K [0x00000007d5e80000, 0x00000007f7d80000, 0x0000000800000000)
  eden space 265728K, 0% used [0x00000007d5e80000,0x00000007d5e80000,0x00000007e6200000)
  from space 8704K, 99% used [0x00000007e6200000,0x00000007e6a7f720,0x00000007e6a80000)
  to   space 12288K, 0% used [0x00000007f7180000,0x00000007f7180000,0x00000007f7d80000)
 ParOldGen       total 86016K, used 9361K [0x0000000781c00000, 0x0000000787000000, 0x00000007d5e80000)
  object space 86016K, 10% used [0x0000000781c00000,0x0000000782524768,0x0000000787000000)
 PSPermGen       total 26112K, used 25839K [0x000000077ca00000, 0x000000077e380000, 0x0000000781c00000)
  object space 26112K, 98% used [0x000000077ca00000,0x000000077e33bdc0,0x000000077e380000)
}
Event: 6.193 GC heap before
{Heap before GC invocations=8 (full 0):
 PSYoungGen      total 274432K, used 274429K [0x00000007d5e80000, 0x00000007f7d80000, 0x0000000800000000)
  eden space 265728K, 100% used [0x00000007d5e80000,0x00000007e6200000,0x00000007e6200000)
  from space 8704K, 99% used [0x00000007e6200000,0x00000007e6a7f720,0x00000007e6a80000)
  to   space 12288K, 0% used [0x00000007f7180000,0x00000007f7180000,0x00000007f7d80000)
 ParOldGen       total 86016K, used 9361K [0x0000000781c00000, 0x0000000787000000, 0x00000007d5e80000)
  object space 86016K, 10% used [0x0000000781c00000,0x0000000782524768,0x0000000787000000)
 PSPermGen       total 30720K, used 30675K [0x000000077ca00000, 0x000000077e800000, 0x0000000781c00000)
  object space 30720K, 99% used [0x000000077ca00000,0x000000077e7f4c60,0x000000077e800000)
Event: 6.202 GC heap after
Heap after GC invocations=8 (full 0):
 PSYoungGen      total 542720K, used 11111K [0x00000007d5e80000, 0x00000007f7f80000, 0x0000000800000000)
  eden space 530432K, 0% used [0x00000007d5e80000,0x00000007d5e80000,0x00000007f6480000)
  from space 12288K, 90% used [0x00000007f7180000,0x00000007f7c59e28,0x00000007f7d80000)
  to   space 13312K, 0% used [0x00000007f6480000,0x00000007f6480000,0x00000007f7180000)
 ParOldGen       total 86016K, used 10674K [0x0000000781c00000, 0x0000000787000000, 0x00000007d5e80000)
  object space 86016K, 12% used [0x0000000781c00000,0x000000078266cbb0,0x0000000787000000)
 PSPermGen       total 30720K, used 30675K [0x000000077ca00000, 0x000000077e800000, 0x0000000781c00000)
  object space 30720K, 99% used [0x000000077ca00000,0x000000077e7f4c60,0x000000077e800000)
}
Event: 7.266 GC heap before
{Heap before GC invocations=9 (full 0):
 PSYoungGen      total 542720K, used 541543K [0x00000007d5e80000, 0x00000007f7f80000, 0x0000000800000000)
  eden space 530432K, 100% used [0x00000007d5e80000,0x00000007f6480000,0x00000007f6480000)
  from space 12288K, 90% used [0x00000007f7180000,0x00000007f7c59e28,0x00000007f7d80000)
  to   space 13312K, 0% used [0x00000007f6480000,0x00000007f6480000,0x00000007f7180000)
 ParOldGen       total 86016K, used 10674K [0x0000000781c00000, 0x0000000787000000, 0x00000007d5e80000)
  object space 86016K, 12% used [0x0000000781c00000,0x000000078266cbb0,0x0000000787000000)
 PSPermGen       total 34304K, used 33820K [0x000000077ca00000, 0x000000077eb80000, 0x0000000781c00000)
  object space 34304K, 98% used [0x000000077ca00000,0x000000077eb07110,0x000000077eb80000)
Event: 7.278 GC heap after
Heap after GC invocations=9 (full 0):
 PSYoungGen      total 543744K, used 9108K [0x00000007d5e80000, 0x0000000800000000, 0x0000000800000000)
  eden space 530432K, 0% used [0x00000007d5e80000,0x00000007d5e80000,0x00000007f6480000)
  from space 13312K, 68% used [0x00000007f6480000,0x00000007f6d65158,0x00000007f7180000)
  to   space 13312K, 0% used [0x00000007ff300000,0x00000007ff300000,0x0000000800000000)
 ParOldGen       total 86016K, used 12833K [0x0000000781c00000, 0x0000000787000000, 0x00000007d5e80000)
  object space 86016K, 14% used [0x0000000781c00000,0x0000000782888420,0x0000000787000000)
 PSPermGen       total 34304K, used 33820K [0x000000077ca00000, 0x000000077eb80000, 0x0000000781c00000)
  object space 34304K, 98% used [0x000000077ca00000,0x000000077eb07110,0x000000077eb80000)
}
Event: 8.378 GC heap before
{Heap before GC invocations=10 (full 0):
 PSYoungGen      total 543744K, used 539540K [0x00000007d5e80000, 0x0000000800000000, 0x0000000800000000)
  eden space 530432K, 100% used [0x00000007d5e80000,0x00000007f6480000,0x00000007f6480000)
  from space 13312K, 68% used [0x00000007f6480000,0x00000007f6d65158,0x00000007f7180000)
  to   space 13312K, 0% used [0x00000007ff300000,0x00000007ff300000,0x0000000800000000)
 ParOldGen       total 86016K, used 12833K [0x0000000781c00000, 0x0000000787000000, 0x00000007d5e80000)
  object space 86016K, 14% used [0x0000000781c00000,0x0000000782888420,0x0000000787000000)
 PSPermGen       total 34304K, used 34127K [0x000000077ca00000, 0x000000077eb80000, 0x0000000781c00000)
  object space 34304K, 99% used [0x000000077ca00000,0x000000077eb53c80,0x000000077eb80000)
Event: 8.387 GC heap after
Heap after GC invocations=10 (full 0):
 PSYoungGen      total 676352K, used 3532K [0x00000007d5e80000, 0x0000000800000000, 0x0000000800000000)
  eden space 663040K, 0% used [0x00000007d5e80000,0x00000007d5e80000,0x00000007fe600000)
  from space 13312K, 26% used [0x00000007ff300000,0x00000007ff673168,0x0000000800000000)
  to   space 13312K, 0% used [0x00000007fe600000,0x00000007fe600000,0x00000007ff300000)
 ParOldGen       total 86016K, used 19446K [0x0000000781c00000, 0x0000000787000000, 0x00000007d5e80000)
  object space 86016K, 22% used [0x0000000781c00000,0x0000000782efd910,0x0000000787000000)
 PSPermGen       total 34304K, used 34127K [0x000000077ca00000, 0x000000077eb80000, 0x0000000781c00000)
  object space 34304K, 99% used [0x000000077ca00000,0x000000077eb53c80,0x000000077eb80000)
}

